<?xml version="1.0"?>
<component name="org.nuxeo.scim.v2.schema.override">
  <require>org.nuxeo.ecm.directory.types</require>
  <extension target="org.nuxeo.ecm.core.schema.TypeService"
    point="schema">
    <schema name="user" src="schema/user.xsd" override="true" />
  </extension>
</component>
