<?xml version="1.0"?>
<component name="org.nuxeo.ecm.blob.s3.test.kms.clientSide">
  <require>org.nuxeo.ecm.blob.s3.test</require>

  <extension target="org.nuxeo.ecm.core.blob.BlobManager" point="configuration">
    <blobprovider name="test">
      <property name="crypt.kms.clientside.key">${nuxeo.test.s3storage.crypt.kms.clientside.key}</property>
    </blobprovider>
     <blobprovider name="other">
      <property name="crypt.kms.clientside.key">${nuxeo.test.s3storage.crypt.kms.clientside.key}</property>
    </blobprovider>
  </extension>
</component>
